Tue Jan 23 16:12:09 CST 2018  [debug] AvalonLogSystem initialized using logfile 'F:\Learning\Java\MyEclipse 2017 CI Workspace\.metadata\.plugins\com.genuitec.eclipse.templates\velocity.log'
Tue Jan 23 16:12:09 CST 2018   [info] ************************************************************** 
Tue Jan 23 16:12:09 CST 2018   [info] Starting Jakarta Velocity v1.4
Tue Jan 23 16:12:09 CST 2018   [info] RuntimeInstance initializing.
Tue Jan 23 16:12:09 CST 2018   [info] Default Properties File: org\apache\velocity\runtime\defaults\velocity.properties
Tue Jan 23 16:12:09 CST 2018   [info] Trying to use logger class org.apache.velocity.runtime.log.AvalonLogSystem
Tue Jan 23 16:12:09 CST 2018   [info] Using logger class org.apache.velocity.runtime.log.AvalonLogSystem
Tue Jan 23 16:12:09 CST 2018   [info] Default ResourceManager initializing. (class org.apache.velocity.runtime.resource.ResourceManagerImpl)
Tue Jan 23 16:12:09 CST 2018   [info] Resource Loader Instantiated: com.genuitec.eclipse.templates.internal.PluginResourceLoader
Tue Jan 23 16:12:09 CST 2018   [info] ResourceCache : initialized. (class org.apache.velocity.runtime.resource.ResourceCacheImpl)
Tue Jan 23 16:12:09 CST 2018   [info] Default ResourceManager initialization complete.
Tue Jan 23 16:12:09 CST 2018   [info] Loaded System Directive: org.apache.velocity.runtime.directive.Literal
Tue Jan 23 16:12:09 CST 2018   [info] Loaded System Directive: org.apache.velocity.runtime.directive.Macro
Tue Jan 23 16:12:09 CST 2018   [info] Loaded System Directive: org.apache.velocity.runtime.directive.Parse
Tue Jan 23 16:12:09 CST 2018   [info] Loaded System Directive: org.apache.velocity.runtime.directive.Include
Tue Jan 23 16:12:09 CST 2018   [info] Loaded System Directive: org.apache.velocity.runtime.directive.Foreach
Tue Jan 23 16:12:09 CST 2018   [info] Created: 20 parsers.
Tue Jan 23 16:12:09 CST 2018   [info] Velocimacro : initialization starting.
Tue Jan 23 16:12:09 CST 2018   [info] Velocimacro : adding VMs from VM library template : VM_global_library.vm
Tue Jan 23 16:12:09 CST 2018   [info] ResourceManager : found VM_global_library.vm with loader com.genuitec.eclipse.templates.internal.PluginResourceLoader
Tue Jan 23 16:12:09 CST 2018   [info] Velocimacro :  VM library template macro registration complete.
Tue Jan 23 16:12:09 CST 2018   [info] Velocimacro : allowInline = true : VMs can be defined inline in templates
Tue Jan 23 16:12:09 CST 2018   [info] Velocimacro : allowInlineToOverride = true : VMs defined inline may replace previous VM definitions
Tue Jan 23 16:12:09 CST 2018   [info] Velocimacro : allowInlineLocal = true : VMs defined inline will be local to their defining template only.
Tue Jan 23 16:12:09 CST 2018   [info] Velocimacro : messages on  : VM system will output logging messages
Tue Jan 23 16:12:09 CST 2018   [info] Velocimacro : autoload off  : VM system will not automatically reload global library macros
Tue Jan 23 16:12:09 CST 2018   [info] Velocimacro : initialization complete.
Tue Jan 23 16:12:09 CST 2018   [info] Velocity successfully started.
Tue Jan 23 16:12:09 CST 2018   [info] ResourceManager : found /templates/velocity/welcome/Jsp.vtl with loader com.genuitec.eclipse.templates.internal.PluginResourceLoader
